C51 COMPILER V9.59.0.0   MAIN                                                              12/19/2019 18:04:08 PAGE 1   


C51 COMPILER V9.59.0.0, COMPILATION OF MODULE MAIN
OBJECT MODULE PLACED IN main.OBJ
COMPILER INVOKED BY: D:\Program Files (x86)\Keil\C51\BIN\C51.EXE main.c OPTIMIZE(8,SPEED) BROWSE DEBUG OBJECTEXTEND TABS
                    -(2)

line level    source

   1          /********************(C) COPRIGHT 2019 Crownto electronic **************************
   2           * 文件名  ：main.c
   3           * 描述    ：        
   4           * 硬件连接：
   5           * 弯曲传感器模块: VCC -> 5V; GND -> GND; DO -> P1.1;
   6           * 1602液晶显示屏：RS -> P2^5;RW -> P2^6;EN -> P2^7;D0~D7 ->P0口
   7           * 功能描述：液晶屏显示弯曲次数；
   8           * 作者    ：冠拓电子
   9           * 淘宝    ：https://shop376667309.taobao.com
  10           * 网址    ：www.crownto.cn
  11          **********************************************************************************/
  12          
  13          #include "main.h"
  14          #include "LCD1602.h"
  15          
  16          
  17          
  18          //定义变量
  19          unsigned char KEY_NUM = 0;   
  20          int count = 0;
  21          int state = 0;
  22            
  23          
  24          //****************************************************
  25          //主函数
  26          //****************************************************
  27          void main()
  28          {
  29   1        Init_LCD1602();
  30   1        LCD1602_write_com(0x80);
  31   1        LCD1602_write_word("welcome to use!");
  32   1        while(1)
  33   1        {
  34   2            scanSensor();
  35   2          if(KEY_NUM == 1)
  36   2          {
  37   3            KEY_NUM = 0;
  38   3            LCD1602_write_com(0x80+0x40);
  39   3            LCD1602_write_word("count =");
  40   3            LCD1602_write_data(count%10000/1000+0x30);
  41   3            LCD1602_write_data(count%1000/100+0x30);
  42   3            LCD1602_write_data(count%100/10+0x30);
  43   3            LCD1602_write_data(count%10+0x30);
  44   3      
  45   3            count++;
  46   3            
  47   3            if(state == 2)
  48   3              state = 0;
  49   3          }
  50   2      
  51   2        }
  52   1      }
  53          
  54          void scanSensor()
C51 COMPILER V9.59.0.0   MAIN                                                              12/19/2019 18:04:08 PAGE 2   

  55          {
  56   1      //  SENSOR = 1;
  57   1        if(SENSOR == 1)
  58   1        {
  59   2          Delay_ms(10);
  60   2          if(SENSOR == 1) 
  61   2          {
  62   3            while(SENSOR == 1);
  63   3            KEY_NUM = 1;
  64   3          } 
  65   2        }
  66   1      }
  67          
  68          
  69          //****************************************************
  70          //MS延时函数
  71          //****************************************************
  72          void Delay_ms(unsigned int n)
  73          {
  74   1        unsigned int  i,j;
  75   1        for(i=0;i<n;i++)
  76   1          for(j=0;j<123;j++);
  77   1      }
  78          


MODULE INFORMATION:   STATIC OVERLAYABLE
   CODE SIZE        =    231    ----
   CONSTANT SIZE    =     24    ----
   XDATA SIZE       =   ----    ----
   PDATA SIZE       =   ----    ----
   DATA SIZE        =      5    ----
   IDATA SIZE       =   ----    ----
   BIT SIZE         =   ----    ----
END OF MODULE INFORMATION.


C51 COMPILATION COMPLETE.  0 WARNING(S),  0 ERROR(S)
